TopControls.tsx:429 Speaker Transcript: What is a binary search?

TopControls.tsx:858 [Turn Processing] Received unprocessed turn: {timestamp: 1745808619920, processed: false, speakerTranscript: 'What is a binary search?\n'}
TopControls.tsx:868 [Turn Processing] Setting debounce timeout (700ms)
TopControls.tsx:871 [Turn Processing] Debounce complete, triggering onProcessTurn with: {timestamp: 1745808619920, processed: false, speakerTranscript: 'What is a binary search?\n'}
App.tsx:97 [AppContent] Received turn to process: {timestamp: 1745808619920, processed: false, speakerTranscript: 'What is a binary search?\n'}
App.tsx:120 [AppContent] Requesting analysis for prompt: "What is a binary search?
"
DraggablePanelLayout.tsx:124 [View Switch Debug] useEffect triggered. activeTabKey: 
DraggablePanelLayout.tsx:147 [View Switch Debug] No activeTabKey. Setting view to main.
App.tsx:168 [AppContent] Processing streamed JSONL response...
App.tsx:187 [Stream] Function call started (Index undefined): format_simple_explanation
DraggablePanelLayout.tsx:124 [View Switch Debug] useEffect triggered. activeTabKey: 
DraggablePanelLayout.tsx:147 [View Switch Debug] No activeTabKey. Setting view to main.
App.tsx:285 [Stream] Completed event received.
App.tsx:350 [AppContent] Final processed data from stream: {id: 'resp_680eeced24f88192b9ae7f8c19cf279e0e0309487d90d939', object: 'response', created_at: 1745808621, status: 'completed', error: null, …}
DraggablePanelLayout.tsx:124 [View Switch Debug] useEffect triggered. activeTabKey: 
DraggablePanelLayout.tsx:147 [View Switch Debug] No activeTabKey. Setting view to main.
TopControls.tsx:429 Speaker Transcript: Write code 4 to print all the right nodes in a binary tree in java

TopControls.tsx:858 [Turn Processing] Received unprocessed turn: {timestamp: 1745808643200, processed: false, speakerTranscript: 'Write code 4 to print all the right nodes in a binary tree in java\n', micTranscript: ''}
TopControls.tsx:865 [Turn Processing] Clearing existing debounce timeout
TopControls.tsx:868 [Turn Processing] Setting debounce timeout (700ms)
TopControls.tsx:871 [Turn Processing] Debounce complete, triggering onProcessTurn with: {timestamp: 1745808643200, processed: false, speakerTranscript: 'Write code 4 to print all the right nodes in a binary tree in java\n', micTranscript: ''}
App.tsx:97 [AppContent] Received turn to process: {timestamp: 1745808643200, processed: false, speakerTranscript: 'Write code 4 to print all the right nodes in a binary tree in java\n', micTranscript: ''}
App.tsx:120 [AppContent] Requesting analysis for prompt: "Write code 4 to print all the right nodes in a binary tree in java
"
DraggablePanelLayout.tsx:124 [View Switch Debug] useEffect triggered. activeTabKey: 
DraggablePanelLayout.tsx:147 [View Switch Debug] No activeTabKey. Setting view to main.
App.tsx:168 [AppContent] Processing streamed JSONL response...
App.tsx:187 [Stream] Function call started (Index undefined): format_comprehensive_code
DraggablePanelLayout.tsx:124 [View Switch Debug] useEffect triggered. activeTabKey: response-1
DraggablePanelLayout.tsx:127 [View Switch Debug] Found activeTab: {key: 'response-1', filename: 'Code-1', language: 'plaintext', code: 'Streaming...', analysis: '{\n  "status": "streaming"\n}', …}
DraggablePanelLayout.tsx:131 [View Switch Debug] isInBehavioral: false, isInCode: true
DraggablePanelLayout.tsx:136 [View Switch Debug] Setting view to code
EnhancedAnalysisPane.tsx:154 [AnalysisPane] Parsed analysis string: {status: 'streaming'}
EnhancedAnalysisPane.tsx:164 [AnalysisPane] Rendering analysisData object: {status: 'streaming'}
EnhancedAnalysisPane.tsx:154 [AnalysisPane] Parsed analysis string: {status: 'streaming'}
EnhancedAnalysisPane.tsx:164 [AnalysisPane] Rendering analysisData object: {status: 'streaming'}
DraggablePanelLayout.tsx:124 [View Switch Debug] useEffect triggered. activeTabKey: response-1
DraggablePanelLayout.tsx:127 [View Switch Debug] Found activeTab: {key: 'response-1', filename: 'Code-1', language: 'plaintext', code: 'Streaming...', analysis: '{\n  "status": "streaming"\n}', …}
DraggablePanelLayout.tsx:131 [View Switch Debug] isInBehavioral: false, isInCode: true
DraggablePanelLayout.tsx:136 [View Switch Debug] Setting view to code
EnhancedAnalysisPane.tsx:154 [AnalysisPane] Parsed analysis string: {status: 'streaming'}
EnhancedAnalysisPane.tsx:164 [AnalysisPane] Rendering analysisData object: {status: 'streaming'}
EnhancedAnalysisPane.tsx:154 [AnalysisPane] Parsed analysis string: {status: 'streaming'}
EnhancedAnalysisPane.tsx:164 [AnalysisPane] Rendering analysisData object: {status: 'streaming'}
DraggablePanelLayout.tsx:124 [View Switch Debug] useEffect triggered. activeTabKey: response-1
DraggablePanelLayout.tsx:127 [View Switch Debug] Found activeTab: {key: 'response-1', filename: 'Code-1', language: 'plaintext', code: 'Streaming...', analysis: '{\n  "status": "streaming"\n}', …}
DraggablePanelLayout.tsx:131 [View Switch Debug] isInBehavioral: false, isInCode: true
DraggablePanelLayout.tsx:136 [View Switch Debug] Setting view to code
App.tsx:285 [Stream] Completed event received.
App.tsx:350 [AppContent] Final processed data from stream: {id: 'resp_680eed07011481928d810ffa06a9fa1d0d963703405eb82a', object: 'response', created_at: 1745808647, status: 'completed', error: null, …}
App.tsx:468 [AppContent] Finalizing streamed tab state: response-1
App.tsx:468 [AppContent] Finalizing streamed tab state: response-1
EnhancedAnalysisPane.tsx:148 [AnalysisPane] Using structuredAnalysis: {tol: '1. The task is to print all the right nodes in a b… level as we go down from the root to the leaves.', lang: 'java', cd: 'import java.util.ArrayList;\nimport java.util.List;…ut.println("Right Nodes: " + rightNodes);\n    }\n}', ec: 'Consider empty trees, trees with only left children, right children, or balanced trees.', tc: Array(3), …}
EnhancedAnalysisPane.tsx:164 [AnalysisPane] Rendering analysisData object: {tol: '1. The task is to print all the right nodes in a b… level as we go down from the root to the leaves.', lang: 'java', cd: 'import java.util.ArrayList;\nimport java.util.List;…ut.println("Right Nodes: " + rightNodes);\n    }\n}', ec: 'Consider empty trees, trees with only left children, right children, or balanced trees.', tc: Array(3), …}
EnhancedAnalysisPane.tsx:148 [AnalysisPane] Using structuredAnalysis: {tol: '1. The task is to print all the right nodes in a b… level as we go down from the root to the leaves.', lang: 'java', cd: 'import java.util.ArrayList;\nimport java.util.List;…ut.println("Right Nodes: " + rightNodes);\n    }\n}', ec: 'Consider empty trees, trees with only left children, right children, or balanced trees.', tc: Array(3), …}
EnhancedAnalysisPane.tsx:164 [AnalysisPane] Rendering analysisData object: {tol: '1. The task is to print all the right nodes in a b… level as we go down from the root to the leaves.', lang: 'java', cd: 'import java.util.ArrayList;\nimport java.util.List;…ut.println("Right Nodes: " + rightNodes);\n    }\n}', ec: 'Consider empty trees, trees with only left children, right children, or balanced trees.', tc: Array(3), …}
DraggablePanelLayout.tsx:124 [View Switch Debug] useEffect triggered. activeTabKey: response-1
DraggablePanelLayout.tsx:127 [View Switch Debug] Found activeTab: {key: 'response-1', filename: 'Code: plaintext', language: 'plaintext', code: '', analysis: '{\n  "tol": "1. The task is to print all the right …like unbalanced trees to optimize space usage."\n}', …}
DraggablePanelLayout.tsx:131 [View Switch Debug] isInBehavioral: false, isInCode: true
DraggablePanelLayout.tsx:136 [View Switch Debug] Setting view to code
